[    0.000000] Linux version 4.15.0-22-generic (buildd@lgw01-amd64-013) (gcc version 7.3.0 (Ubuntu 7.3.0-16ubuntu3)) #24-Ubuntu SMP Wed May 16 12:15:17 UTC 2018 (Ubuntu 4.15.0-22.24-generic 4.15.17)
[    0.000000] Command line: BOOT_IMAGE=/boot/vmlinuz-4.15.0-22-generic root=UUID=fed2ba32-ea23-4773-9725-9c822274af02 ro console=tty1 console=ttyS0
[    0.000000] KERNEL supported cpus:
[    0.000000]   Intel GenuineIntel
[    0.000000]   AMD AuthenticAMD
[    0.000000]   Centaur CentaurHauls
[    0.000000] x86/fpu: Supporting XSAVE feature 0x001: 'x87 floating point registers'
[    0.000000] x86/fpu: Supporting XSAVE feature 0x002: 'SSE registers'
[    0.000000] x86/fpu: Supporting XSAVE feature 0x004: 'AVX registers'
[    0.000000] x86/fpu: xstate_offset[2]:  576, xstate_sizes[2]:  256
[    0.000000] x86/fpu: Enabled xstate features 0x7, context size is 832 bytes, using 'standard' format.
[    0.000000] e820: BIOS-provided physical RAM map:
[    0.000000] BIOS-e820: [mem 0x0000000000000000-0x000000000009fbff] usable
[    0.000000] BIOS-e820: [mem 0x000000000009fc00-0x000000000009ffff] reserved
[    0.000000] BIOS-e820: [mem 0x00000000000f0000-0x00000000000fffff] reserved
[    0.000000] BIOS-e820: [mem 0x0000000000100000-0x000000007ffeffff] usable
[    0.000000] BIOS-e820: [mem 0x000000007fff0000-0x000000007fffffff] ACPI data
[    0.000000] BIOS-e820: [mem 0x00000000fec00000-0x00000000fec00fff] reserved
[    0.000000] BIOS-e820: [mem 0x00000000fee00000-0x00000000fee00fff] reserved
[    0.000000] BIOS-e820: [mem 0x00000000fffc0000-0x00000000ffffffff] reserved
[    0.000000] NX (Execute Disable) protection: active
[    0.000000] random: fast init done
[    0.000000] SMBIOS 2.5 present.
[    0.000000] DMI: innotek GmbH VirtualBox/VirtualBox, BIOS VirtualBox 12/01/2006
[    0.000000] Hypervisor detected: KVM
[    0.000000] e820: last_pfn = 0x7fff0 max_arch_pfn = 0x400000000
[    0.000000] MTRR: Disabled
[    0.000000] x86/PAT: MTRRs disabled, skipping PAT initialization too.
[    0.000000] CPU MTRRs all blank - virtualized system.
[    0.000000] x86/PAT: Configuration [0-7]: WB  WT  UC- UC  WB  WT  UC- UC  
[    0.000000] found SMP MP-table at [mem 0x0009fff0-0x0009ffff] mapped at [        (ptrval)]
[    0.000000] Scanning 1 areas for low memory corruption
[    0.000000] RAMDISK: [mem 0x35a13000-0x36d00fff]
[    0.000000] ACPI: Early table checksum verification disabled
[    0.000000] ACPI: RSDP 0x00000000000E0000 000024 (v02 VBOX  )
[    0.000000] ACPI: XSDT 0x000000007FFF0030 00003C (v01 VBOX   VBOXXSDT 00000001 ASL  00000061)
[    0.000000] ACPI: FACP 0x000000007FFF00F0 0000F4 (v04 VBOX   VBOXFACP 00000001 ASL  00000061)
[    0.000000] ACPI: DSDT 0x000000007FFF0470 0021FF (v02 VBOX   VBOXBIOS 00000002 INTL 20160831)
[    0.000000] ACPI: FACS 0x000000007FFF0200 000040
[    0.000000] ACPI: FACS 0x000000007FFF0200 000040
[    0.000000] ACPI: APIC 0x000000007FFF0240 00005C (v02 VBOX   VBOXAPIC 00000001 ASL  00000061)
[    0.000000] ACPI: SSDT 0x000000007FFF02A0 0001CC (v01 VBOX   VBOXCPUT 00000002 INTL 20160831)
[    0.000000] No NUMA configuration found
[    0.000000] Faking a node at [mem 0x0000000000000000-0x000000007ffeffff]
[    0.000000] NODE_DATA(0) allocated [mem 0x7ffc5000-0x7ffeffff]
[    0.000000] kvm-clock: cpu 0, msr 0:7ff44001, primary cpu clock
[    0.000000] kvm-clock: Using msrs 4b564d01 and 4b564d00
[    0.000000] kvm-clock: using sched offset of 3809639437 cycles
[    0.000000] clocksource: kvm-clock: mask: 0xffffffffffffffff max_cycles: 0x1cd42e4dffb, max_idle_ns: 881590591483 ns
[    0.000000] Zone ranges:
[    0.000000]   DMA      [mem 0x0000000000001000-0x0000000000ffffff]
[    0.000000]   DMA32    [mem 0x0000000001000000-0x000000007ffeffff]
[    0.000000]   Normal   empty
[    0.000000]   Device   empty
[    0.000000] Movable zone start for each node
[    0.000000] Early memory node ranges
[    0.000000]   node   0: [mem 0x0000000000001000-0x000000000009efff]
[    0.000000]   node   0: [mem 0x0000000000100000-0x000000007ffeffff]
[    0.000000] Initmem setup node 0 [mem 0x0000000000001000-0x000000007ffeffff]
[    0.000000] Reserved but unavailable: 98 pages
[    0.000000] ACPI: PM-Timer IO Port: 0x4008
[    0.000000] IOAPIC[0]: apic_id 2, version 32, address 0xfec00000, GSI 0-23
[    0.000000] ACPI: INT_SRC_OVR (bus 0 bus_irq 0 global_irq 2 dfl dfl)
[    0.000000] ACPI: INT_SRC_OVR (bus 0 bus_irq 9 global_irq 9 high level)
[    0.000000] Using ACPI (MADT) for SMP configuration information
[    0.000000] smpboot: Allowing 2 CPUs, 0 hotplug CPUs
[    0.000000] PM: Registered nosave memory: [mem 0x00000000-0x00000fff]
[    0.000000] PM: Registered nosave memory: [mem 0x0009f000-0x0009ffff]
[    0.000000] PM: Registered nosave memory: [mem 0x000a0000-0x000effff]
[    0.000000] PM: Registered nosave memory: [mem 0x000f0000-0x000fffff]
[    0.000000] e820: [mem 0x80000000-0xfebfffff] available for PCI devices
[    0.000000] Booting paravirtualized kernel on KVM
[    0.000000] clocksource: refined-jiffies: mask: 0xffffffff max_cycles: 0xffffffff, max_idle_ns: 7645519600211568 ns
[    0.000000] setup_percpu: NR_CPUS:8192 nr_cpumask_bits:2 nr_cpu_ids:2 nr_node_ids:1
[    0.000000] percpu: Embedded 46 pages/cpu @        (ptrval) s151552 r8192 d28672 u1048576
[    0.000000] PV qspinlock hash table entries: 256 (order: 0, 4096 bytes)
[    0.000000] Built 1 zonelists, mobility grouping on.  Total pages: 515961
[    0.000000] Policy zone: DMA32
[    0.000000] Kernel command line: BOOT_IMAGE=/boot/vmlinuz-4.15.0-22-generic root=UUID=fed2ba32-ea23-4773-9725-9c822274af02 ro console=tty1 console=ttyS0
[    0.000000] Memory: 2015396K/2096696K available (12300K kernel code, 2470K rwdata, 4240K rodata, 2404K init, 2416K bss, 81300K reserved, 0K cma-reserved)
[    0.000000] SLUB: HWalign=64, Order=0-3, MinObjects=0, CPUs=2, Nodes=1
[    0.000000] Kernel/User page tables isolation: enabled
[    0.000000] ftrace: allocating 39081 entries in 153 pages
[    0.004000] Hierarchical RCU implementation.
[    0.004000] 	RCU restricting CPUs from NR_CPUS=8192 to nr_cpu_ids=2.
[    0.004000] 	Tasks RCU enabled.
[    0.004000] RCU: Adjusting geometry for rcu_fanout_leaf=16, nr_cpu_ids=2
[    0.004000] NR_IRQS: 524544, nr_irqs: 440, preallocated irqs: 16
[    0.004000] Console: colour VGA+ 80x25
[    0.004000] console [tty1] enabled
[    0.004000] console [ttyS0] enabled
[    0.004000] ACPI: Core revision 20170831
[    0.004000] ACPI: 2 ACPI AML tables successfully acquired and loaded
[    0.004000] APIC: Switch to symmetric I/O mode setup
[    0.004000] x2apic enabled
[    0.004000] Switched APIC routing to physical x2apic.
[    0.004226] ..TIMER: vector=0x30 apic1=0 pin1=2 apic2=-1 pin2=-1
[    0.008012] tsc: Detected 2604.374 MHz processor
[    0.012017] Calibrating delay loop (skipped) preset value.. 5208.74 BogoMIPS (lpj=10417496)
[    0.016013] pid_max: default: 32768 minimum: 301
[    0.017142] Security Framework initialized
[    0.018115] Yama: becoming mindful.
[    0.020067] AppArmor: AppArmor initialized
[    0.025282] Dentry cache hash table entries: 262144 (order: 9, 2097152 bytes)
[    0.029024] Inode-cache hash table entries: 131072 (order: 8, 1048576 bytes)
[    0.032050] Mount-cache hash table entries: 4096 (order: 3, 32768 bytes)
[    0.036014] Mountpoint-cache hash table entries: 4096 (order: 3, 32768 bytes)
[    0.037825] CPU: Physical Processor ID: 0
[    0.038780] CPU: Processor Core ID: 0
[    0.040089] mce: CPU supports 0 MCE banks
[    0.041056] Last level iTLB entries: 4KB 512, 2MB 8, 4MB 8
[    0.042285] Last level dTLB entries: 4KB 512, 2MB 32, 4MB 32, 1GB 0
[    0.044006] Spectre V2 : Mitigation: Full generic retpoline
[    0.048010] Speculative Store Bypass: Vulnerable
[    0.049268] Freeing SMP alternatives memory: 36K
[    0.056000] smpboot: CPU0: Intel(R) Core(TM) i5-2540M CPU @ 2.60GHz (family: 0x6, model: 0x2a, stepping: 0x7)
[    0.056157] Performance Events: unsupported p6 CPU model 42 no PMU driver, software events only.
[    0.060124] Hierarchical SRCU implementation.
[    0.064876] NMI watchdog: Perf event create on CPU 0 failed with -2
[    0.068018] NMI watchdog: Perf NMI watchdog permanently disabled
[    0.072101] smp: Bringing up secondary CPUs ...
[    0.076146] x86: Booting SMP configuration:
[    0.080010] .... node  #0, CPUs:      #1
[    0.004000] kvm-clock: cpu 1, msr 0:7ff44041, secondary cpu clock
[    0.004000] mce: CPU supports 0 MCE banks
[    0.088039] smp: Brought up 1 node, 2 CPUs
[    0.092017] smpboot: Max logical packages: 1
[    0.092862] smpboot: Total of 2 processors activated (10417.49 BogoMIPS)
[    0.096074] devtmpfs: initialized
[    0.100077] x86/mm: Memory block size: 128MB
[    0.104409] evm: security.selinux
[    0.105253] evm: security.SMACK64
[    0.108005] evm: security.SMACK64EXEC
[    0.108900] evm: security.SMACK64TRANSMUTE
[    0.109874] evm: security.SMACK64MMAP
[    0.110687] evm: security.apparmor
[    0.112005] evm: security.ima
[    0.112761] evm: security.capability
[    0.113730] clocksource: jiffies: mask: 0xffffffff max_cycles: 0xffffffff, max_idle_ns: 7645041785100000 ns
[    0.116017] futex hash table entries: 512 (order: 3, 32768 bytes)
[    0.117500] pinctrl core: initialized pinctrl subsystem
[    0.118886] RTC time:  0:14:13, date: 05/26/18
[    0.120259] NET: Registered protocol family 16
[    0.121369] audit: initializing netlink subsys (disabled)
[    0.124062] audit: type=2000 audit(1527293656.870:1): state=initialized audit_enabled=0 res=1
[    0.168019] cpuidle: using governor ladder
[    0.172031] cpuidle: using governor menu
[    0.176114] ACPI: bus type PCI registered
[    0.177089] acpiphp: ACPI Hot Plug PCI Controller Driver version: 0.5
[    0.178679] PCI: Using configuration type 1 for base access
[    0.181967] HugeTLB registered 2.00 MiB page size, pre-allocated 0 pages
[    0.184157] ACPI: Added _OSI(Module Device)
[    0.188013] ACPI: Added _OSI(Processor Device)
[    0.189072] ACPI: Added _OSI(3.0 _SCP Extensions)
[    0.190171] ACPI: Added _OSI(Processor Aggregator Device)
[    0.192030] ACPI: Executed 1 blocks of module-level executable AML code
[    0.199232] ACPI: Interpreter enabled
[    0.200034] ACPI: (supports S0 S5)
[    0.200872] ACPI: Using IOAPIC for interrupt routing
[    0.202509] PCI: Using host bridge windows from ACPI; if necessary, use "pci=nocrs" and report a bug
[    0.204269] ACPI: Enabled 2 GPEs in block 00 to 07
[    0.215507] ACPI: PCI Root Bridge [PCI0] (domain 0000 [bus 00-ff])
[    0.216031] acpi PNP0A03:00: _OSC: OS supports [ASPM ClockPM Segments MSI]
[    0.220068] acpi PNP0A03:00: _OSC: not requesting OS control; OS requires [ExtendedConfig ASPM ClockPM MSI]
[    0.224029] acpi PNP0A03:00: fail to add MMCONFIG information, can't access extended PCI configuration space under this bridge.
[    0.226630] PCI host bridge to bus 0000:00
[    0.228013] pci_bus 0000:00: root bus resource [io  0x0000-0x0cf7 window]
[    0.229320] pci_bus 0000:00: root bus resource [io  0x0d00-0xffff window]
[    0.232008] pci_bus 0000:00: root bus resource [mem 0x000a0000-0x000bffff window]
[    0.233479] pci_bus 0000:00: root bus resource [mem 0x80000000-0xffdfffff window]
[    0.234944] pci_bus 0000:00: root bus resource [bus 00-ff]
[    0.237611] pci 0000:00:01.1: legacy IDE quirk: reg 0x10: [io  0x01f0-0x01f7]
[    0.240008] pci 0000:00:01.1: legacy IDE quirk: reg 0x14: [io  0x03f6]
[    0.241261] pci 0000:00:01.1: legacy IDE quirk: reg 0x18: [io  0x0170-0x0177]
[    0.244016] pci 0000:00:01.1: legacy IDE quirk: reg 0x1c: [io  0x0376]
[    0.301555] pci 0000:00:07.0: quirk: [io  0x4000-0x403f] claimed by PIIX4 ACPI
[    0.304043] pci 0000:00:07.0: quirk: [io  0x4100-0x410f] claimed by PIIX4 SMB
[    0.328429] ACPI: PCI Interrupt Link [LNKA] (IRQs 5 9 10 *11)
[    0.332417] ACPI: PCI Interrupt Link [LNKB] (IRQs 5 9 10 *11)
[    0.336243] ACPI: PCI Interrupt Link [LNKC] (IRQs 5 9 *10 11)
[    0.340214] ACPI: PCI Interrupt Link [LNKD] (IRQs 5 *9 10 11)
[    0.342251] SCSI subsystem initialized
[    0.344112] pci 0000:00:02.0: vgaarb: setting as boot VGA device
[    0.346629] pci 0000:00:02.0: vgaarb: VGA device added: decodes=io+mem,owns=io+mem,locks=none
[    0.348013] pci 0000:00:02.0: vgaarb: bridge control possible
[    0.352008] vgaarb: loaded
[    0.352649] ACPI: bus type USB registered
[    0.353488] usbcore: registered new interface driver usbfs
[    0.354549] usbcore: registered new interface driver hub
[    0.355602] usbcore: registered new device driver usb
[    0.356085] EDAC MC: Ver: 3.0.0
[    0.356878] PCI: Using ACPI for IRQ routing
[    0.360334] NetLabel: Initializing
[    0.364010] NetLabel:  domain hash size = 128
[    0.364870] NetLabel:  protocols = UNLABELED CIPSOv4 CALIPSO
[    0.368042] NetLabel:  unlabeled traffic allowed by default
[    0.369373] clocksource: Switched to clocksource kvm-clock
[    0.382811] VFS: Disk quotas dquot_6.6.0
[    0.390473] VFS: Dquot-cache hash table entries: 512 (order 0, 4096 bytes)
[    0.392193] AppArmor: AppArmor Filesystem Enabled
[    0.393397] pnp: PnP ACPI init
[    0.395860] pnp: PnP ACPI: found 3 devices
[    0.408169] clocksource: acpi_pm: mask: 0xffffff max_cycles: 0xffffff, max_idle_ns: 2085701024 ns
[    0.415355] NET: Registered protocol family 2
[    0.425235] TCP established hash table entries: 16384 (order: 5, 131072 bytes)
[    0.429169] TCP bind hash table entries: 16384 (order: 6, 262144 bytes)
[    0.431120] TCP: Hash tables configured (established 16384 bind 16384)
[    0.461251] UDP hash table entries: 1024 (order: 3, 32768 bytes)
[    0.474525] UDP-Lite hash table entries: 1024 (order: 3, 32768 bytes)
[    0.475818] NET: Registered protocol family 1
[    0.476737] pci 0000:00:00.0: Limiting direct PCI/PCI transfers
[    0.481153] pci 0000:00:01.0: Activating ISA DMA hang workarounds
[    0.482349] pci 0000:00:02.0: Video device with shadowed ROM at [mem 0x000c0000-0x000dffff]
[    0.484102] Unpacking initramfs...
[    0.824287] Freeing initrd memory: 19384K
[    0.894230] platform rtc_cmos: registered platform RTC device (no PNP device found)
[    0.898304] Scanning for low memory corruption every 60 seconds
[    0.900279] Initialise system trusted keyrings
[    0.908454] Key type blacklist registered
[    0.910004] workingset: timestamp_bits=36 max_order=19 bucket_order=0
[    0.920644] zbud: loaded
[    0.927081] squashfs: version 4.0 (2009/01/31) Phillip Lougher
[    0.946459] fuse init (API version 7.26)
[    0.954350] Key type asymmetric registered
[    0.964740] Asymmetric key parser 'x509' registered
[    0.969018] Block layer SCSI generic (bsg) driver version 0.4 loaded (major 246)
[    0.973013] io scheduler noop registered
[    0.978147] io scheduler deadline registered
[    0.982422] io scheduler cfq registered (default)
[    0.985780] ACPI: AC Adapter [AC] (on-line)
[    0.993452] input: Power Button as /devices/LNXSYSTM:00/LNXPWRBN:00/input/input0
[    0.997983] ACPI: Power Button [PWRF]
[    1.001147] input: Sleep Button as /devices/LNXSYSTM:00/LNXSLPBN:00/input/input1
[    1.004126] ACPI: Sleep Button [SLPF]
[    1.009125] ACPI: Battery Slot [BAT0] (battery present)
[    1.082444] Serial: 8250/16550 driver, 32 ports, IRQ sharing enabled
[    1.109855] 00:02: ttyS0 at I/O 0x3f8 (irq = 4, base_baud = 115200) is a 16550A
[    1.136986] Linux agpgart interface v0.103
[    1.145573] loop: module loaded
[    1.164112] scsi host0: ata_piix
[    1.170416] scsi host1: ata_piix
[    1.171297] ata1: PATA max UDMA/33 cmd 0x1f0 ctl 0x3f6 bmdma 0xd000 irq 14
[    1.172839] ata2: PATA max UDMA/33 cmd 0x170 ctl 0x376 bmdma 0xd008 irq 15
[    1.174536] libphy: Fixed MDIO Bus: probed
[    1.182489] tun: Universal TUN/TAP device driver, 1.6
[    1.183831] PPP generic driver version 2.4.2
[    1.185007] ehci_hcd: USB 2.0 'Enhanced' Host Controller (EHCI) Driver
[    1.186420] ehci-pci: EHCI PCI platform driver
[    1.187504] ehci-platform: EHCI generic platform driver
[    1.188762] ohci_hcd: USB 1.1 'Open' Host Controller (OHCI) Driver
[    1.190164] ohci-pci: OHCI PCI platform driver
[    1.194434] ohci-platform: OHCI generic platform driver
[    1.201013] uhci_hcd: USB Universal Host Controller Interface driver
[    1.206156] i8042: PNP: PS/2 Controller [PNP0303:PS2K,PNP0f03:PS2M] at 0x60,0x64 irq 1,12
[    1.208272] serio: i8042 KBD port at 0x60,0x64 irq 1
[    1.220420] serio: i8042 AUX port at 0x60,0x64 irq 12
[    1.221702] mousedev: PS/2 mouse device common for all mice
[    1.223591] rtc_cmos rtc_cmos: rtc core: registered rtc_cmos as rtc0
[    1.236593] input: AT Translated Set 2 keyboard as /devices/platform/i8042/serio0/input/input2
[    1.240163] rtc_cmos rtc_cmos: alarms up to one day, 114 bytes nvram
[    1.240184] i2c /dev entries driver
[    1.240282] device-mapper: uevent: version 1.0.3
[    1.240399] device-mapper: ioctl: 4.37.0-ioctl (2017-09-20) initialised: dm-devel@redhat.com
[    1.379120] ledtrig-cpu: registered to indicate activity on CPUs
[    1.540644] NET: Registered protocol family 10
[    1.559694] Segment Routing with IPv6
[    1.579360] NET: Registered protocol family 17
[    1.600309] Key type dns_resolver registered
[    1.601661] RAS: Correctable Errors collector initialized.
[    1.602946] sched_clock: Marking stable (1601497977, 0)->(2802239408, -1200741431)
[    1.605199] registered taskstats version 1
[    1.606200] Loading compiled-in X.509 certificates
[    1.611019] Loaded X.509 cert 'Build time autogenerated kernel key: 2bae1e8c50dcab357f42f039715f6a76c2f9c3dc'
[    1.615061] zswap: loaded using pool lzo/zbud
[    1.620362] Key type big_key registered
[    1.630130] Key type trusted registered
[    1.633647] Key type encrypted registered
[    1.653667] AppArmor: AppArmor sha1 policy hashing enabled
[    1.659675] ima: No TPM chip found, activating TPM-bypass! (rc=-19)
[    1.667189] evm: HMAC attrs: 0x1
[    1.668146]   Magic number: 2:113:204
[    1.669079] rtc_cmos rtc_cmos: setting system clock to 2018-05-26 00:14:14 UTC (1527293654)
[    1.670893] BIOS EDD facility v0.16 2004-Jun-25, 0 devices found
[    1.674050] EDD information not available.
[    1.678000] Freeing unused kernel memory: 2404K
[    1.754574] Write protecting the kernel read-only data: 20480k
[    1.769745] Freeing unused kernel memory: 2008K
[    1.793086] Freeing unused kernel memory: 1904K
[    1.820600] x86/mm: Checked W+X mappings: passed, no W+X pages found.
[    1.829558] x86/mm: Checking user space page tables
[    1.836466] x86/mm: Checked W+X mappings: passed, no W+X pages found.
Loading, please wait...
starting version 237
[    1.916044] tsc: Refined TSC clocksource calibration: 2591.664 MHz
[    1.933526] clocksource: tsc: mask: 0xffffffffffffffff max_cycles: 0x255b7935e9d, max_idle_ns: 440795258645 ns
[    1.985940] e1000: Intel(R) PRO/1000 Network Driver - version 7.3.21-k8-NAPI
[    2.018945] e1000: Copyright (c) 1999-2006 Intel Corporation.
[    2.049431] AVX version of gcm_enc/dec engaged.
[    2.060592] Fusion MPT base driver 3.04.20
[    2.060593] Copyright (c) 1999-2008 LSI Corporation
[    2.068842] AES CTR mode by8 optimization enabled
[    2.097758] Fusion MPT SPI Host driver 3.04.20
[    2.250585] input: ImExPS/2 Generic Explorer Mouse as /devices/platform/i8042/serio1/input/input4
[    2.417912] e1000 0000:00:03.0 eth0: (PCI:33MHz:32-bit) 02:f4:47:a9:25:d8
[    2.424733] e1000 0000:00:03.0 eth0: Intel(R) PRO/1000 Network Connection
[    2.428088] e1000 0000:00:03.0 enp0s3: renamed from eth0
[    2.428858] mptbase: ioc0: Initiating bringup
[    2.524722] ioc0: LSI53C1030 A0: Capabilities={Initiator}
[    2.781550] scsi host2: ioc0: LSI53C1030 A0, FwRev=00000000h, Ports=1, MaxQ=256, IRQ=20
[    2.981494] scsi 2:0:0:0: Direct-Access     VBOX     HARDDISK         1.0  PQ: 0 ANSI: 5
[    3.024090] scsi target2:0:0: Beginning Domain Validation
[    3.245548] scsi target2:0:0: Domain Validation skipping write tests
[    3.253387] scsi target2:0:0: Ending Domain Validation
[    3.255461] scsi target2:0:0: asynchronous
[    3.257090] scsi 2:0:1:0: Direct-Access     VBOX     HARDDISK         1.0  PQ: 0 ANSI: 5
[    3.304302] scsi target2:0:1: Beginning Domain Validation
[    3.394706] scsi target2:0:1: Domain Validation skipping write tests
[    3.423363] scsi target2:0:1: Ending Domain Validation
[    3.424758] scsi target2:0:1: asynchronous
[    3.431787] sd 2:0:0:0: Attached scsi generic sg0 type 0
[    3.452459] sd 2:0:0:0: [sda] 20971520 512-byte logical blocks: (10.7 GB/10.0 GiB)
[    3.462773] sd 2:0:0:0: [sda] Write Protect is off
[    3.462836] sd 2:0:1:0: Attached scsi generic sg1 type 0
[    3.462990] sd 2:0:1:0: [sdb] 20480 512-byte logical blocks: (10.5 MB/10.0 MiB)
[    3.463066] sd 2:0:1:0: [sdb] Write Protect is off
[    3.463207] sd 2:0:1:0: [sdb] Incomplete mode parameter data
[    3.463209] sd 2:0:1:0: [sdb] Assuming drive cache: write through
[    3.544707] sd 2:0:1:0: [sdb] Attached SCSI disk
[    3.579315] sd 2:0:0:0: [sda] Incomplete mode parameter data
[    3.593160] sd 2:0:0:0: [sda] Assuming drive cache: write through
[    3.596279]  sda: sda1
[    3.608018] sd 2:0:0:0: [sda] Attached SCSI disk
Begin: Loading essential drivers ... [    5.112027] raid6: sse2x1   gen()  9342 MB/s
[    5.164073] raid6: sse2x1   xor()  6400 MB/s
[    5.216063] raid6: sse2x2   gen() 10943 MB/s
[    5.268070] raid6: sse2x2   xor()  7346 MB/s
[    5.320111] raid6: sse2x4   gen() 12990 MB/s
[    5.376026] raid6: sse2x4   xor()  8511 MB/s
[    5.385622] raid6: using algorithm sse2x4 gen() 12990 MB/s
[    5.386836] raid6: .... xor() 8511 MB/s, rmw enabled
[    5.387986] raid6: using ssse3x2 recovery algorithm
[    5.391766] xor: automatically using best checksumming function   avx       
[    5.405121] async_tx: api initialized (async)
done.
Begin: Running /scripts/init-premount ... done.
Begin: Mounting root file system ... Begin: Running /scripts/local-top ... done.
Begin: Running /scripts/local-premount ... [    5.485424] Btrfs loaded, crc32c=crc32c-intel
Scanning for Btrfs filesystems
done.
Warning: fsck no[    5.547126] EXT4-fs (sda1): INFO: recovery required on readonly filesystem
t present, so skipping root file system
[    5.665047] EXT4-fs (sda1): write access will be enabled during recovery
[    5.803606] EXT4-fs (sda1): recovery complete
[    5.831768] EXT4-fs (sda1): mounted filesystem with ordered data mode. Opts: (null)
done.
Begin: Running /scripts/local-bottom ... done.
Begin: Running /scripts/init-bottom ... done.
[    6.316720] ip_tables: (C) 2000-2006 Netfilter Core Team
[    6.360921] systemd[1]: systemd 237 running in system mode. (+PAM +AUDIT +SELINUX +IMA +APPARMOR +SMACK +SYSVINIT +UTMP +LIBCRYPTSETUP +GCRYPT +GNUTLS +ACL +XZ +LZ4 +SECCOMP +BLKID +ELFUTILS +KMOD -IDN2 +IDN -PCRE2 default-hierarchy=hybrid)
[    6.371820] systemd[1]: Detected virtualization oracle.
[    6.384593] systemd[1]: Detected architecture x86-64.

Welcome to [1mUbuntu 18.04 LTS[0m!

[    6.449108] systemd[1]: Set hostname to <rails-dev-box>.
[    6.858132] systemd[1]: Set up automount Arbitrary Executable File Formats File System Automount Point.
[[0;32m  OK  [0m] Set up automount Arbitrary Executab…rmats File System Automount Point.
[    6.960274] systemd[1]: Reached target System Time Synchronized.
[[0;32m  OK  [0m] Reached target System Time Synchronized.
[    6.989772] systemd[1]: Reached target User and Group Name Lookups.
[[0;32m  OK  [0m] Reached target User and Group Name Lookups.
[    7.001520] systemd[1]: Created slice User and Session Slice.
[[0;32m  OK  [0m] Created slice User and Session Slice.
[    7.007540] systemd[1]: Started Forward Password Requests to Wall Directory Watch.
[[0;32m  OK  [0m] Started Forward Password Requests to Wall Directory Watch.
[    7.012648] systemd[1]: Created slice System Slice.
[[0;32m  OK  [0m] Created slice System Slice.
[[0;32m  OK  [0m] Listening on udev Control Socket.
[[0;32m  OK  [0m] Listening on Network Service Netlink Socket.
[[0;32m  OK  [0m] Listening on LVM2 poll daemon socket.
[[0;32m  OK  [0m] Listening on /dev/initctl Compatibility Named Pipe.
[[0;32m  OK  [0m] Listening on udev Kernel Socket.
[[0;32m  OK  [0m] Listening on Syslog Socket.
[[0;32m  OK  [0m] Listening on LVM2 metadata daemon socket.
[[0;32m  OK  [0m] Listening on Device-mapper event daemon FIFOs.
[[0;32m  OK  [0m] Created slice system-serial\x2dgetty.slice.
[[0;32m  OK  [0m] Listening on Journal Socket (/dev/log).
[[0;32m  OK  [0m] Reached target Slices.
[[0;32m  OK  [0m] Listening on Journal Audit Socket.
[[0;32m  OK  [0m] Listening on Journal Socket.
         Starting Uncomplicated firewall...
         Mounting POSIX Message Queue File System...
         Mounting Huge Pages File System...
         Starting Set the console keyboard layout...
         Starting udev Coldplug all Devices...
         Starting Create list of required st…ce nodes for the current kernel...
         Starting Monitoring of LVM2 mirrors…ng dmeventd or progress polling...
         Mounting Kernel Debug File System...
         Starting Load Kernel Modules...
         Starting Remount Root and Kernel File Systems...
         Starting Journal Service...
[[0;32m  OK  [0m] Started Uncom[    7.364599] Loading iSCSI transport class v2.0-870.
plicated firewall.
[[0;32m  OK  [0m] Mounted POSIX Message Queue File System.
[[0;32m  OK  [0m] Mounted Huge Pages File System.
[[0;32m  OK  [0m] Started Create list of requir[    7.471553] iscsi: registered transport (tcp)
ed sta…vice nodes for the current kernel.
[    7.489385] EXT4-fs (sda1): re-mounted. Opts: (null)
[[0;32m  OK  [0m] Started Journal Service.
[[0;32m  OK  [0m] Mounted Kernel Debug File System.
[[0;32m  OK  [0m] Started Remount Root and Kernel File Systems.
[[0;32m  OK  [0m] Started LVM2 [    7.551482] iscsi: registered transport (iser)
metadata daemon.
         Starting Initial cloud-init job (pre-networking)...
         Activating swap /swapfile...
         Starting Load/Save Random Seed...
         Starting Flush Journal to Persistent Storage...
         Starting Create Static Device Nodes in /dev...
[[0;32m  OK  [0m] Started Monit[    7.753667] Adding 2097148k swap on /swapfile.  Priority:-2 extents:5 across:2301948k FS
oring of LVM2 mirrors,…sing dmeventd or progress polling.
[[0;32m  OK  [0m] Activated swap /swapfile.
[[0;32m  OK  [0m] Started Load Kernel Modules.
[[0;32m  OK  [0m] Started udev Coldplug all Devices.
[[0;32m  OK  [0m] Started Load/Save Random Seed.
[[0;32m  OK  [0m] Started Create Static Device Nodes in /dev.
         Starting udev Kernel Device Manager...
         Mounting FUSE Control File System...
         Mounting Kernel Configuration File System...
         Starting Apply Kernel Variables...
[[0;32m  OK  [0m] Reached target Swap.
[[0;32m  OK  [0m] Started udev Kernel Device Manager.
[[0;32m  OK  [0m] Mounted FUSE[    8.037173] random: crng init done
 Control File System.
[[0;32m  OK  [0m] Mounted Kernel Configuration File System.
[[0;32m  OK  [0m] Started Apply Kernel Variables.
[[0;32m  OK  [0m] Started Flush Journal to Persistent Storage.
[[0;32m  OK  [0m] Found device /dev/ttyS0.
[[0;32m  OK  [0m] Started Set the console keyboard layout.
[[0;32m  OK  [0m] Listening on Load/Save RF Kill Switch Status /dev/rfkill Watch.
[[0;32m  OK  [0m] Started Dispatch Password Requests to Console Directory Watch.
[[0;32m  OK  [0m] Reached target Local Encrypted Volumes.
[[0;32m  OK  [0m] Reached target Local File Systems (Pre).
[[0;32m  OK  [0m] Reached target Local File Systems.
         Starting Create Volatile Files and Directories...
         Starting AppArmor initialization...
         Starting Set console font and keymap...
         Starting ebtables ruleset management...
         Starting Tell Plymouth To Write Out Runtime Data...
[[0;32m  OK  [0m] Started Create Volatile Files and Directories.
         Starting Update UTMP about System Boot/Shutdown...
[[0;32m  OK  [0m] Started Set console font and keymap.
[[0;32m  OK  [0m] Started Tell Plymouth To Write Out Runtime Data.
[[0;32m  OK  [0m] Started Update UTMP about System Boot/Shutdown.
[[0;32m  OK  [0m] Started ebtables ruleset management.
[[0;32m  OK  [0m] Started AppArmor initialization.
[   11.686928] cloud-init[450]: Cloud-init v. 18.2 running 'init-local' at Sat, 26 May 2018 00:14:23 +0000. Up 11.10 seconds.
[[0;32m  OK  [0m] Started Initial cloud-init job (pre-networking).
[[0;32m  OK  [0m] Reached target Network (Pre).
         Starting Network Service...
[[0;32m  OK  [0m] Started Network Service.
         Starting Network Name Resolution...
         Starting Wait for Network to be Configured...
[[0;32m  OK  [0m] Started Network Name Resolution.
[[0;32m  OK  [0m] Reached target Network.
[[0;32m  OK  [0m] Reached target Host and Network Name Lookups.
[[0;32m  OK  [0m] Started Wait for Network to be Configured.
         Starting Initial cloud-init job (metadata service crawler)...
[   14.458588] cloud-init[741]: Cloud-init v. 18.2 running 'init' at Sat, 26 May 2018 00:14:26 +0000. Up 13.86 seconds.
[   14.469537] cloud-init[741]: ci-info: ++++++++++++++++++++++++++++++++++++++Net device info++++++++++++++++++++++++++++++++++++++
[   14.478382] cloud-init[741]: ci-info: +--------+------+----------------------------+---------------+--------+-------------------+
[   14.481888] cloud-init[741]: ci-info: | Device |  Up  |          Address           |      Mask     | Scope  |     Hw-Address    |
[   14.485748] cloud-init[741]: ci-info: +--------+------+----------------------------+---------------+--------+-------------------+
[   14.527832] cloud-init[741]: ci-info: | enp0s3 | True |         10.0.2.15          | 255.255.255.0 | global | 02:f4:47:a9:25:d8 |
[[0;32m  OK  [0m[   14.568705] cloud-init[741]: ci-info: | enp0s3 | True | fe80::f4:47ff:fea9:25d8/64 |       .       |  link  | 02:f4:47:a9:25:d8 |
[   14.569330] cloud-init[741]: ci-info: |   lo   | True |         127.0.0.1          |   255.0.0.0   |  host  |         .         |
[   14.569749] cloud-init[741]: ci-info: |   lo   | True |          ::1/128           |       .       |  host  |         .         |
[   14.570115] cloud-init[741]: ci-info: +--------+------+----------------------------+---------------+--------+-------------------+
[   14.570491] cloud-init[741]: ci-info: ++++++++++++++++++++++++++++Route IPv4 info+++++++++++++++++++++++++++++
[   14.570892] cloud-init[741]: ci-info: +-------+-------------+----------+-----------------+-----------+-------+
[   14.571281] cloud-init[741]: ci-info: | Route | Destination | Gateway  |     Genmask     | Interface | Flags |
[   14.571680] cloud-init[741]: ci-info: +-------+-------------+----------+-----------------+-----------+-------+
[   14.572093] cloud-init[741]: ci-info: |   0   |   0.0.0.0   | 10.0.2.2 |     0.0.0.0     |   enp0s3  |   UG  |
[   14.572464] cloud-init[741]: ci-info: |   1   |   10.0.2.0  | 0.0.0.0  |  255.255.255.0  |   enp0s3  |   U   |
[   14.572841] cloud-init[741]: ci-info: |   2   |   10.0.2.2  | 0.0.0.0  | 255.255.255.255 |   enp0s3  |   UH  |
[   14.573242] cloud-init[741]: ci-info: +-------+-------------+----------+-----------------+-----------+-------+
[   14.573632] cloud-init[741]: ci-info: +++++++++++++++++++Route IPv6 info+++++++++++++++++++
[   14.574019] cloud-init[741]: ci-info: +-------+-------------+---------+-----------+-------+
[   14.574412] cloud-init[741]: ci-info: | Route | Destination | Gateway | Interface | Flags |
] Started Initial cloud-init job (metadata service crawler).
[   14.574765] cloud-init[741]: ci-info: +-------+-------------+---------+-----------+-------+
[[   14.763307] cloud-init[741]: ci-info: |   1   |  fe80::/64  |    ::   |   enp0s3  |   U   |
[   14.763498] cloud-init[741]: ci-info: |   3   |    local    |    ::   |   enp0s3  |   U   |
[0;32m  OK  [0m] Reached target Cloud-config availability.
[   14.764428] cloud-init[741]: ci-info: |   4   |   ff00::/8  |    ::   |   enp0s3  |   U   |
[[   14.778208] cloud-init[741]: ci-info: +-------+-------------+---------+-----------+-------+
[0;32m  OK  [0m] Reached target Network is Online.
         Starting iSCSI initiator daemon (iscsid)...
[[0;32m  OK  [0m] Reached target System Initialization.
[[0;32m  OK  [0m] Listening on ACPID Listen Socket.
[[0;32m  OK  [0m] Started Daily Cleanup of Temporary Directories.
[[0;32m  OK  [0m] Started Daily apt download activities.
[[0;32m  OK  [0m] Started ACPI Events Check.
[[0;32m  OK  [0m] Reached target Paths.
[[0;32m  OK  [0m] Started Daily apt upgrade and clean activities.
[[0;32m  OK  [0m] Listening on D-Bus System Message Bus Socket.
         Starting Socket activation for snappy daemon.
[[0;32m  OK  [0m] Started Discard unused blocks once a week.
[[0;32m  OK  [0m] Listening on UUID daemon activation socket.
         Starting LXD - unix socket.
[[0;32m  OK  [0m] Started Message of the Day.
[[0;32m  OK  [0m] Reached target Timers.
[[0;32m  OK  [0m] Listening on Socket activation for snappy daemon.
[[0;32m  OK  [0m] Listening on LXD - unix socket.
[[0;32m  OK  [0m] Started iSCSI initiator daemon (iscsid).
[[0;32m  OK  [0m] Reached target Remote File Systems (Pre).
[[0;32m  OK  [0m] Reached target Remote File Systems.
         Starting Availability of block devices...
[[0;32m  OK  [0m] Reached target Sockets.
[[0;32m  OK  [0m] Reached target Basic System.
         Starting Permit User Sessions...
[[0;32m  OK  [0m] Started FUSE filesystem for LXC.
[[0;32m  OK  [0m] Started Deferred execution scheduler.
[[0;32m  OK  [0m] Started Unattended Upgrades Shutdown.
[[0;32m  OK  [0m] Started Regular background program processing daemon.
         Starting LSB: automatic crash report generation...
[[0;32m  OK  [0m] Started irqbalance daemon.
         Starting System Logging Service...
         Starting Apply the settings specified in cloud-config...
         Starting Accounts Service...
         Starting OpenBSD Secure Shell server...
[[0;32m  OK  [0m] Started D-Bus System Message Bus.
         Starting Dispatcher daemon for systemd-networkd...
         Starting LSB: Record successful boot for GRUB...
         Starting LXD - container startup/shutdown...
         Starting Login Service...
         Starting Virtualbox guest utils...
         Starting Snappy daemon...
[[0;32m  OK  [0m] Started System Logging Service.
[[0;32m  OK  [0m] Started Availability of block devices.
[[0;32m  OK  [0m] Started Permit User Sessions.
[[0;32m  OK  [0m] Started OpenBSD Secure Shell server.
[[0;32m  OK  [0m] Started Login Service.
         Starting Authorization Manager...
         Starting Terminate Plymouth Boot Screen...
         Starting Hold until boot process finishes up...
[[0;32m  OK  [0m] Started Terminate Plymouth Boot Screen.
[[0;32m  OK  [0m] Started Hold until boot process finishes up.
         Starting Set console scheme...
[[0;32m  OK  [0m] Started Serial Getty on ttyS0.
[[0;32m  OK  [0m] Started Dispatcher daemon for systemd-networkd.
[[0;32m  OK  [0m] Started Set console scheme.
[[0;32m  OK  [0m] Started LSB: automatic crash report generation.
[[0;32m  OK  [0m] Started LXD - container startup/shutdown.
[[0;32m  OK  [0m] Started LSB: Record successful boot for GRUB.
[[0;32m  OK  [0m] Started Authorization Manager.
[[0;32m  OK  [0m] Started Accounts Service.
[[0;32m  OK  [0m] Created slice system-getty.slice.
[[0;32m  OK  [0m] Started Getty on tty1.
[[0;32m  OK  [0m] Reached target Login Prompts.
[[0;32m  OK  [0m] Started Snappy daemon.
[[0;32m  OK  [0m] Started Virtualbox guest utils.
         Starting Wait until snapd is fully seeded...
[[0;32m  OK  [0m] Started Wait until snapd is fully seeded.
[[0;32m  OK  [0m] Reached target Multi-User System.
[[0;32m  OK  [0m] Reached target Graphical Interface.
         Starting Update UTMP about System Runlevel Changes...
[[0;32m  OK  [0m] Started Update UTMP about System Runlevel Changes.
[   16.525363] cloud-init[906]: Cloud-init v. 18.2 running 'modules:config' at Sat, 26 May 2018 00:14:29 +0000. Up 16.29 seconds.
[[0;32m  OK  [0m] Started Apply the settings specified in cloud-config.
         Starting Execute cloud user/final scripts...
[   17.479853] cloud-init[1154]: Cloud-init v. 18.2 running 'modules:final' at Sat, 26 May 2018 00:14:30 +0000. Up 17.21 seconds.
[   17.500544] cloud-init[1154]: Cloud-init v. 18.2 finished at Sat, 26 May 2018 00:14:30 +0000. Datasource DataSourceNoCloud [seed=/dev/sdb][dsmode=net].  Up 17.46 seconds
[[0;32m  OK  [0m] Started Execute cloud user/final scripts.
[[0;32m  OK  [0m] Reached target Cloud-init target.

Ubuntu 18.04 LTS rails-dev-box ttyS0

rails-dev-box login: 